<?xml version="1.0" encoding="UTF-8"?>
<!-- Generated by org.testng.reporters.JUnitReportReporter -->
<testsuite skipped="0" hostname="DESKTOP-TCFRLFR" name="P1.NewTest" tests="1" failures="0" timestamp="23 Jun 2020 17:00:32 GMT" time="25.774" errors="0">
  <testcase name="f" time="25.774" classname="P1.NewTest"/>
</testsuite> <!-- P1.NewTest -->
