<?xml version="1.0" encoding="UTF-8"?>
<!-- Generated by org.testng.reporters.JUnitReportReporter -->
<testsuite skipped="0" hostname="DESKTOP-TCFRLFR" name="P1.Login" tests="1" failures="0" timestamp="23 Jun 2020 18:14:18 GMT" time="47.455" errors="0">
  <testcase name="f" time="47.455" classname="P1.Login"/>
</testsuite> <!-- P1.Login -->
