<?xml version="1.0" encoding="UTF-8"?>
<!-- Generated by org.testng.reporters.JUnitReportReporter -->
<testsuite skipped="0" hostname="DESKTOP-TCFRLFR" name="P1.NewTest" tests="1" failures="0" timestamp="11 Jun 2020 14:10:56 GMT" time="35.818" errors="0">
  <testcase name="f" time="35.818" classname="P1.NewTest"/>
</testsuite> <!-- P1.NewTest -->
